<?xml version="1.0" encoding="UTF-8"?>
<testng-results skipped="0" failed="0" ignored="0" total="2" passed="2">
  <reporter-output>
  </reporter-output>
  <suite name="SmokeSuite" duration-ms="49909" started-at="2020-05-20T17:29:13Z" finished-at="2020-05-20T17:30:03Z">
    <groups>
    </groups>
    <test name="FunctionalTest" duration-ms="49909" started-at="2020-05-20T17:29:13Z" finished-at="2020-05-20T17:30:03Z">
      <class name="selenium.TestNGParallelTestsDataprovider">
        <test-method status="PASS" signature="setUpClass()[pri:0, instance:selenium.TestNGParallelTestsDataprovider@29ee9faa]" name="setUpClass" is-config="true" duration-ms="9" started-at="2020-05-20T17:29:13Z" finished-at="2020-05-20T17:29:13Z">
          <reporter-output>
          </reporter-output>
        </test-method> <!-- setUpClass -->
        <test-method status="PASS" signature="searchTest(java.lang.String)[pri:0, instance:selenium.TestNGParallelTestsDataprovider@29ee9faa]" name="searchTest" duration-ms="49880" started-at="2020-05-20T17:29:13Z" data-provider="browsers" finished-at="2020-05-20T17:30:03Z">
          <params>
            <param index="0">
              <value>
                <![CDATA[TestNG]]>
              </value>
            </param>
          </params>
          <reporter-output>
          </reporter-output>
        </test-method> <!-- searchTest -->
        <test-method status="PASS" signature="searchTest(java.lang.String)[pri:0, instance:selenium.TestNGParallelTestsDataprovider@29ee9faa]" name="searchTest" duration-ms="49617" started-at="2020-05-20T17:29:13Z" data-provider="browsers" finished-at="2020-05-20T17:30:03Z">
          <params>
            <param index="0">
              <value>
                <![CDATA[Selenium Webdriver]]>
              </value>
            </param>
          </params>
          <reporter-output>
          </reporter-output>
        </test-method> <!-- searchTest -->
      </class> <!-- selenium.TestNGParallelTestsDataprovider -->
    </test> <!-- FunctionalTest -->
  </suite> <!-- SmokeSuite -->
</testng-results>
